<?xml version="1.0" encoding="utf-8"?><testsuites><testsuite name="pytest" errors="0" failures="0" skipped="2" tests="9" time="27.154" timestamp="2025-05-27T21:28:22.614203+05:30" hostname="saikanths-MacBook-Pro.local"><testcase classname="tests.unit_tests.test_dataprocessor" name="test_data_ingestion" time="2.465" /><testcase classname="tests.unit_tests.test_dataprocessor" name="test_dataprocessor_init" time="0.007" /><testcase classname="tests.unit_tests.test_dataprocessor" name="test_column_transformations" time="0.028" /><testcase classname="tests.unit_tests.test_dataprocessor" name="test_column_selection" time="0.022" /><testcase classname="tests.unit_tests.test_dataprocessor" name="test_split_data_default_params" time="0.039" /><testcase classname="tests.unit_tests.test_dataprocessor" name="test_preprocess_empty_dataframe" time="0.001" /><testcase classname="tests.unit_tests.test_dataprocessor" name="test_save_to_catalog_succesfull" time="0.000"><skipped type="pytest.skip" message="depends on delta tables on Databricks">/Users/saikanthatluri/Desktop/MLOPS/Databricks_mlops_new/pandya/tests/unit_tests/test_dataprocessor.py:119: depends on delta tables on Databricks</skipped></testcase><testcase classname="tests.unit_tests.test_dataprocessor" name="test_delta_table_property_of_enableChangeDataFeed_check" time="0.000"><skipped type="pytest.skip" message="depends on delta tables on Databrics">/Users/saikanthatluri/Desktop/MLOPS/Databricks_mlops_new/pandya/tests/unit_tests/test_dataprocessor.py:143: depends on delta tables on Databrics</skipped></testcase><testcase classname="tests.unit_tests.test_dataprocessor" name="test_rename_spark_df_column_name" time="1.299" /></testsuite></testsuites>